[21:28:29] [Server thread/INFO]: Starting minecraft server version 1.10.2
[21:30:04] [Server thread/INFO]: Loading properties
[21:30:04] [Server thread/INFO]: Default game type: SURVIVAL
[21:30:04] [Server thread/INFO]: Generating keypair
[21:30:04] [Server thread/INFO]: Starting Minecraft server on 108.166.172.44:25565
[21:30:04] [Server thread/INFO]: Using epoll channel type
[21:30:27] [Server thread/INFO]: Preparing level "world"
[21:30:29] [Server thread/WARN]: Couldn't find resource table railcraft:chests/village_workshop
[21:30:29] [Server thread/INFO]: Preparing start region for level 0
[21:30:30] [Server thread/INFO]: Preparing spawn area: 1%
[21:30:31] [Server thread/INFO]: Preparing spawn area: 43%
[21:30:32] [Server thread/INFO]: Preparing spawn area: 84%
[21:30:33] [Server thread/INFO]: Done (5.881s)! For help, type "help" or "?"
[21:30:35] [Server thread/INFO]: FTBLib: Server reloaded in 1541ms
[21:30:58] [User Authenticator #1/INFO]: UUID of player TheGoldenEagle is 0d2126a0-44de-4aef-a003-61622124e061
[21:31:00] [Server thread/INFO]: TheGoldenEagle[/75.64.233.38:57965] logged in with entity id 225 at (90.5, 68.0, 247.5)
[21:31:00] [Server thread/INFO]: TheGoldenEagle joined the game
[21:31:07] [Server thread/WARN]: Can't keep up! Did the system time change, or is the server overloaded? Running 6510ms behind, skipping 130 tick(s)
[21:31:55] [Server thread/INFO]: Set TheGoldenEagle's game mode to Creative Mode
[21:32:02] [Server thread/INFO]: Teleported TheGoldenEagle to -34999.5, 120.0, -2299999.5
[21:32:06] [Server thread/WARN]: Can't keep up! Did the system time change, or is the server overloaded? Running 2511ms behind, skipping 50 tick(s)
[21:32:09] [Server thread/WARN]: TheGoldenEagle moved too quickly! -1.994179219349462,0.0,9.977810315787792
[21:32:33] [Server thread/INFO]: Teleported TheGoldenEagle to -24999.5, 120.0, 2200000.5
[21:32:41] [Server thread/WARN]: TheGoldenEagle moved too quickly! 9.211509984834265,0.0,4.078507259488106
[21:32:51] [Server thread/INFO]: Teleported TheGoldenEagle to -24999.5, 120.0, -28999.5
[21:33:07] [Server thread/INFO]: TheGoldenEagle lost connection: TextComponent{text='Disconnected', siblings=[], style=Style{hasParent=false, color=null, bold=null, italic=null, underlined=null, obfuscated=null, clickEvent=null, hoverEvent=null, insertion=null}}
[21:33:07] [Server thread/INFO]: TheGoldenEagle left the game
[21:33:12] [Server thread/INFO]: Saving...
[21:33:14] [Server thread/INFO]: Saved the world
[21:33:14] [Server thread/INFO]: Stopping the server
[21:33:14] [Server thread/INFO]: [Server] World saved.
[21:33:15] [Server thread/INFO]: Stopping server
[21:33:15] [Server thread/INFO]: Saving players
[21:33:15] [Server thread/INFO]: Saving worlds
[21:33:15] [Server thread/INFO]: Saving chunks for level 'world'/Overworld
[21:33:16] [Server thread/INFO]: Saving chunks for level 'world'/Nether
[21:33:16] [Server thread/INFO]: Saving chunks for level 'world'/The End
[21:33:16] [Server thread/INFO]: Saving chunks for level 'world'/Deep Dark
[21:33:16] [Server thread/INFO]: Saving chunks for level 'world'/ExtraUtils2_Quarry_Dim
[21:33:16] [Server thread/INFO]: Saving chunks for level 'world'/simplevoidworld
[21:33:16] [Server thread/INFO]: Saving chunks for level 'world'/MiningWorld
[21:33:20] [Server Shutdown Thread/INFO]: Stopping server
[21:33:20] [Server Shutdown Thread/INFO]: Saving players
[21:33:20] [Server Shutdown Thread/INFO]: Saving worlds
